<?xml version="1.0" encoding="UTF-8"?>
<!-- Generated by org.testng.reporters.JUnitReportReporter -->
<testsuite hostname="DESKTOP-O3UJKIC" failures="0" tests="4" name="com.qa.democart.tests.LoginPageTest" time="16.284" errors="0" timestamp="2022-03-01T18:39:41 IST" skipped="0">
  <testcase classname="com.qa.democart.tests.LoginPageTest" name="loginTest" time="8.987"/>
  <system-out/>
  <testcase classname="com.qa.democart.tests.LoginPageTest" name="ForgotPwdLinkExist" time="6.713"/>
  <system-out/>
  <testcase classname="com.qa.democart.tests.LoginPageTest" name="loginPageTitleTest" time="0.095"/>
  <system-out/>
  <testcase classname="com.qa.democart.tests.LoginPageTest" name="LoginPageUrlTest" time="0.489"/>
  <system-out/>
</testsuite> <!-- com.qa.democart.tests.LoginPageTest -->
